生成启动时间为 2016/4/28 17:15:25。
     1>项目“C:\Users\24425\Documents\GitHub\html\lvhuanda\lvhuanda\lvhuanda.vcxproj”在节点 2 上(build 个目标)。
     1>InitializeBuildStatus:
         正在创建“Debug\lvhuanda.unsuccessfulbuild”，因为已指定“AlwaysCreate”。
       ClCompile:
         C:\Program Files (x86)\Microsoft Visual Studio 10.0\VC\bin\CL.exe /c /ZI /nologo /W3 /WX- /Od /Oy- /D WIN32 /D _WINDOWS /D _DEBUG /D _UNICODE /D UNICODE /D _AFXDLL /Gm /EHsc /RTC1 /MDd /GS /fp:precise /Zc:wchar_t /Zc:forScope /Yc"StdAfx.h" /Fp"Debug\lvhuanda.pch" /Fo"Debug\\" /Fd"Debug\vc100.pdb" /Gd /TP /analyze- /errorReport:prompt stdafx.cpp
         stdafx.cpp
         C:\Program Files (x86)\Microsoft Visual Studio 10.0\VC\bin\CL.exe /c /ZI /nologo /W3 /WX- /Od /Oy- /D WIN32 /D _WINDOWS /D _DEBUG /D _UNICODE /D UNICODE /D _AFXDLL /Gm /EHsc /RTC1 /MDd /GS /fp:precise /Zc:wchar_t /Zc:forScope /Yu"StdAfx.h" /Fp"Debug\lvhuanda.pch" /Fo"Debug\\" /Fd"Debug\vc100.pdb" /Gd /TP /analyze- /errorReport:prompt lvhuanda.cpp lvhuandaDlg.cpp ser.cpp
         ser.cpp
         lvhuandaDlg.cpp
     1>c:\users\24425\documents\github\html\lvhuanda\lvhuanda\lvhuandadlg.cpp(194): warning C4244: “=”: 从“ULONGLONG”转换到“int”，可能丢失数据
     1>c:\users\24425\documents\github\html\lvhuanda\lvhuanda\lvhuandadlg.cpp(202): warning C4244: “初始化”: 从“ULONGLONG”转换到“int”，可能丢失数据
     1>c:\users\24425\documents\github\html\lvhuanda\lvhuanda\lvhuandadlg.cpp(253): warning C4244: “初始化”: 从“ULONGLONG”转换到“int”，可能丢失数据
         lvhuanda.cpp
         正在生成代码...
       ResourceCompile:
         所有输出均为最新。
         C:\Program Files (x86)\Microsoft SDKs\Windows\v7.0A\bin\rc.exe /D _DEBUG /D _UNICODE /D UNICODE /D _AFXDLL /l"0x0804" /IDebug\ /nologo /fo"Debug\lvhuanda.res" lvhuanda.rc 
       ManifestResourceCompile:
         所有输出均为最新。
         C:\Program Files (x86)\Microsoft SDKs\Windows\v7.0A\bin\rc.exe /nologo /fo"Debug\lvhuanda.exe.embed.manifest.res" Debug\lvhuanda_manifest.rc 
       Link:
         C:\Program Files (x86)\Microsoft Visual Studio 10.0\VC\bin\link.exe /ERRORREPORT:PROMPT /OUT:"C:\Users\24425\Documents\GitHub\html\lvhuanda\Debug\lvhuanda.exe" /INCREMENTAL /NOLOGO opencv_calib3d248.lib opencv_contrib248.lib opencv_core248.lib opencv_features2d248.lib opencv_flann248.lib opencv_gpu248.lib opencv_highgui248.lib opencv_imgproc248.lib opencv_legacy248.lib opencv_ml248d.lib opencv_objdetect248.lib opencv_ts248.lib opencv_video248.lib opencv_nonfree248.lib opencv_ocl248.lib opencv_photo248.lib opencv_stitching248.lib opencv_superres248.lib opencv_videostab248.lib opencv_calib3d248d.lib opencv_contrib248d.lib opencv_core248d.lib opencv_features2d248d.lib opencv_flann248d.lib opencv_gpu248d.lib opencv_highgui248d.lib opencv_imgproc248d.lib opencv_legacy248d.lib opencv_objdetect248d.lib opencv_ts248d.lib opencv_video248d.lib opencv_nonfree248d.lib opencv_ocl248d.lib opencv_photo248d.lib opencv_stitching248d.lib opencv_superres248d.lib opencv_videostab248d.lib /MANIFEST /ManifestFile:"Debug\lvhuanda.exe.intermediate.manifest" /MANIFESTUAC:"level='asInvoker' uiAccess='false'" /DEBUG /PDB:"C:\Users\24425\Documents\GitHub\html\lvhuanda\Debug\lvhuanda.pdb" /SUBSYSTEM:WINDOWS /TLBID:1 /ENTRY:"wWinMainCRTStartup" /DYNAMICBASE /NXCOMPAT /IMPLIB:"C:\Users\24425\Documents\GitHub\html\lvhuanda\Debug\lvhuanda.lib" /MACHINE:X86 Debug\lvhuanda.res
         Debug\lvhuanda.exe.embed.manifest.res
         Debug\lvhuanda.obj
         Debug\lvhuandaDlg.obj
         Debug\ser.obj
         Debug\stdafx.obj
       Manifest:
         C:\Program Files (x86)\Microsoft SDKs\Windows\v7.0A\bin\mt.exe /nologo /verbose /out:"Debug\lvhuanda.exe.embed.manifest" /manifest Debug\lvhuanda.exe.intermediate.manifest "C:\Program Files (x86)\Microsoft Visual Studio 10.0\VC\Include\Manifest\dpiaware.manifest"
         所有输出均为最新。
       LinkEmbedManifest:
         所有输出均为最新。
         lvhuanda.vcxproj -> C:\Users\24425\Documents\GitHub\html\lvhuanda\Debug\lvhuanda.exe
       FinalizeBuildStatus:
         正在删除文件“Debug\lvhuanda.unsuccessfulbuild”。
         正在对“Debug\lvhuanda.lastbuildstate”执行 Touch 任务。
     1>已完成生成项目“C:\Users\24425\Documents\GitHub\html\lvhuanda\lvhuanda\lvhuanda.vcxproj”(build 个目标)的操作。

生成成功。

已用时间 00:00:06.14
